app/build/outputs/logs/manifest-merger-debug-report.txt
-- Merging decision tree log ---
manifest
ADDED from src/main/AndroidManifest.xml:2:1-64:12
	package
		ADDED from src/main/AndroidManifest.xml:3:5-34
		INJECTED from src/main/AndroidManifest.xml
		INJECTED from src/main/AndroidManifest.xml
	android:versionName
		ADDED from src/main/AndroidManifest.xml:5:5-30
		INJECTED from src/main/AndroidManifest.xml
		INJECTED from src/main/AndroidManifest.xml
	android:versionCode
		ADDED from src/main/AndroidManifest.xml:4:5-28
		INJECTED from src/main/AndroidManifest.xml
		INJECTED from src/main/AndroidManifest.xml
	xmlns:android
		ADDED from src/main/AndroidManifest.xml:2:11-69
uses-sdk
ADDED from src/main/AndroidManifest.xml:7:5-9:41
MERGED from [HandGestureApp:openCVLibrary249:unspecified] AndroidManifest.xml:7:5-9:41
MERGED from [HandGestureApp:aFileChooser:unspecified] AndroidManifest.xml:20:5-22:41
	android:targetSdkVersion
		ADDED from src/main/AndroidManifest.xml:9:9-38
		INJECTED from src/main/AndroidManifest.xml
		INJECTED from src/main/AndroidManifest.xml
	android:minSdkVersion
		ADDED from src/main/AndroidManifest.xml:8:9-34
		INJECTED from src/main/AndroidManifest.xml
		INJECTED from src/main/AndroidManifest.xml
uses-permission#android.permission.CAMERA
ADDED from src/main/AndroidManifest.xml:11:5-65
	android:name
		ADDED from src/main/AndroidManifest.xml:11:22-62
uses-permission#android.permission.WRITE_EXTERNAL_STORAGE
ADDED from src/main/AndroidManifest.xml:12:5-81
	android:name
		ADDED from src/main/AndroidManifest.xml:12:22-78
application
ADDED from src/main/AndroidManifest.xml:14:5-45:19
	android:label
		ADDED from src/main/AndroidManifest.xml:17:9-41
	android:allowBackup
		ADDED from src/main/AndroidManifest.xml:15:9-35
	android:icon
		ADDED from src/main/AndroidManifest.xml:16:9-45
	android:theme
		ADDED from src/main/AndroidManifest.xml:18:9-40
activity#com.example.newdemo.MainActivity
ADDED from src/main/AndroidManifest.xml:19:9-28:20
	android:screenOrientation
		ADDED from src/main/AndroidManifest.xml:22:13-50
	android:label
		ADDED from src/main/AndroidManifest.xml:21:13-45
	android:name
		ADDED from src/main/AndroidManifest.xml:20:13-60
intent-filter#android.intent.action.MAIN+android.intent.category.LAUNCHER
ADDED from src/main/AndroidManifest.xml:23:13-27:29
action#android.intent.action.MAIN
ADDED from src/main/AndroidManifest.xml:24:17-69
	android:name
		ADDED from src/main/AndroidManifest.xml:24:25-66
category#android.intent.category.LAUNCHER
ADDED from src/main/AndroidManifest.xml:26:17-77
	android:name
		ADDED from src/main/AndroidManifest.xml:26:27-74
activity#com.ipaulpro.afilechooser.FileChooserActivity
ADDED from src/main/AndroidManifest.xml:29:9-40:20
	android:enabled
		ADDED from src/main/AndroidManifest.xml:31:13-49
	android:label
		ADDED from src/main/AndroidManifest.xml:34:13-48
	android:exported
		ADDED from src/main/AndroidManifest.xml:32:13-36
	android:icon
		ADDED from src/main/AndroidManifest.xml:33:13-48
	android:name
		ADDED from src/main/AndroidManifest.xml:30:13-73
intent-filter#android.intent.action.GET_CONTENT
ADDED from src/main/AndroidManifest.xml:35:13-39:29
action#android.intent.action.GET_CONTENT
ADDED from src/main/AndroidManifest.xml:36:17-76
	android:name
		ADDED from src/main/AndroidManifest.xml:36:25-73
data
ADDED from src/main/AndroidManifest.xml:38:17-48
	android:mimeType
		ADDED from src/main/AndroidManifest.xml:38:23-45
activity#com.example.newdemo.DisplayAppList
ADDED from src/main/AndroidManifest.xml:41:9-44:20
	android:label
		ADDED from src/main/AndroidManifest.xml:43:13-68
	android:name
		ADDED from src/main/AndroidManifest.xml:42:13-62
supports-screens
ADDED from src/main/AndroidManifest.xml:47:5-52:39
	android:largeScreens
		ADDED from src/main/AndroidManifest.xml:49:9-36
	android:smallScreens
		ADDED from src/main/AndroidManifest.xml:52:9-36
	android:normalScreens
		ADDED from src/main/AndroidManifest.xml:50:9-37
	android:resizeable
		ADDED from src/main/AndroidManifest.xml:51:9-34
	android:anyDensity
		ADDED from src/main/AndroidManifest.xml:48:9-34
uses-feature#android.hardware.camera
ADDED from src/main/AndroidManifest.xml:54:5-56:36
	android:required
		ADDED from src/main/AndroidManifest.xml:56:9-33
	android:name
		ADDED from src/main/AndroidManifest.xml:55:9-47
uses-feature#android.hardware.camera.front
ADDED from src/main/AndroidManifest.xml:57:5-59:36
	android:required
		ADDED from src/main/AndroidManifest.xml:59:9-33
	android:name
		ADDED from src/main/AndroidManifest.xml:58:9-53
uses-feature#android.hardware.camera.autofocus
ADDED from src/main/AndroidManifest.xml:60:5-62:36
	android:required
		ADDED from src/main/AndroidManifest.xml:62:9-33
	android:name
		ADDED from src/main/AndroidManifest.xml:61:9-57